<?xml version="1.0" encoding="UTF-8"?>
<!-- Generated by org.testng.reporters.JUnitReportReporter -->
<testsuite hostname="DESKTOP-RFC9575" failures="0" tests="1" name="tugas.silenium.formy.KeyboardAndMouse" time="9.314" errors="0" timestamp="2022-09-15T21:14:41 WIB" skipped="0">
  <testcase classname="tugas.silenium.formy.KeyboardAndMouse" name="testKeyboardAndMouse" time="9.314"/>
  <system-out/>
</testsuite> <!-- tugas.silenium.formy.KeyboardAndMouse -->
