<?xml version="1.0" encoding="UTF-8"?>
<!-- Generated by org.testng.reporters.JUnitReportReporter -->
<testsuite hostname="DESKTOP-RFC9575" failures="0" tests="10" name="Ujian.ujiankeempat.openweather.ByLatLonLang" time="4.062" errors="0" timestamp="2022-09-18T10:29:47 WIB" skipped="0">
  <testcase classname="Ujian.ujiankeempat.openweather.ByLatLonLang" name="testGet" time="0.257"/>
  <system-out/>
  <testcase classname="Ujian.ujiankeempat.openweather.ByLatLonLang" name="testGet" time="0.232"/>
  <system-out/>
  <testcase classname="Ujian.ujiankeempat.openweather.ByLatLonLang" name="testGet" time="0.233"/>
  <system-out/>
  <testcase classname="Ujian.ujiankeempat.openweather.ByLatLonLang" name="testGet" time="0.380"/>
  <system-out/>
  <testcase classname="Ujian.ujiankeempat.openweather.ByLatLonLang" name="testGet" time="0.275"/>
  <system-out/>
  <testcase classname="Ujian.ujiankeempat.openweather.ByLatLonLang" name="testGet" time="1.679"/>
  <system-out/>
  <testcase classname="Ujian.ujiankeempat.openweather.ByLatLonLang" name="testGet" time="0.274"/>
  <system-out/>
  <testcase classname="Ujian.ujiankeempat.openweather.ByLatLonLang" name="testGet" time="0.232"/>
  <system-out/>
  <testcase classname="Ujian.ujiankeempat.openweather.ByLatLonLang" name="testGet" time="0.256"/>
  <system-out/>
  <testcase classname="Ujian.ujiankeempat.openweather.ByLatLonLang" name="testGet" time="0.244"/>
  <system-out/>
</testsuite> <!-- Ujian.ujiankeempat.openweather.ByLatLonLang -->
