<?xml version="1.0" encoding="UTF-8"?>
<!-- Generated by org.testng.reporters.JUnitReportReporter -->
<testsuite hostname="DESKTOP-RFC9575" failures="0" tests="4" name="Ujian.ujiankeempat.nopcommerce.TestLoginForm" time="64.234" errors="0" timestamp="2022-09-18T06:43:28 WIB" skipped="0">
  <testcase classname="Ujian.ujiankeempat.nopcommerce.TestLoginForm" name="testValidLogin" time="24.842"/>
  <system-out/>
  <testcase classname="Ujian.ujiankeempat.nopcommerce.TestLoginForm" name="testInValidLogin" time="13.997"/>
  <system-out/>
  <testcase classname="Ujian.ujiankeempat.nopcommerce.TestLoginForm" name="testInValidLoginDua" time="14.301"/>
  <system-out/>
  <testcase classname="Ujian.ujiankeempat.nopcommerce.TestLoginForm" name="testInValidLoginKetiga" time="11.094"/>
  <system-out/>
</testsuite> <!-- Ujian.ujiankeempat.nopcommerce.TestLoginForm -->
