<?xml version="1.0" encoding="UTF-8"?>
<!-- Generated by org.testng.reporters.JUnitReportReporter -->
<testsuite hostname="DESKTOP-RFC9575" failures="0" tests="10" name="Ujian.ujiankeempat.openweather.ByCityNameStateCode" time="3.424" errors="0" timestamp="2022-09-18T10:37:20 WIB" skipped="0">
  <testcase classname="Ujian.ujiankeempat.openweather.ByCityNameStateCode" name="testGet" time="0.234"/>
  <system-out/>
  <testcase classname="Ujian.ujiankeempat.openweather.ByCityNameStateCode" name="testGet" time="0.237"/>
  <system-out/>
  <testcase classname="Ujian.ujiankeempat.openweather.ByCityNameStateCode" name="testGet" time="0.223"/>
  <system-out/>
  <testcase classname="Ujian.ujiankeempat.openweather.ByCityNameStateCode" name="testGet" time="0.233"/>
  <system-out/>
  <testcase classname="Ujian.ujiankeempat.openweather.ByCityNameStateCode" name="testGet" time="0.222"/>
  <system-out/>
  <testcase classname="Ujian.ujiankeempat.openweather.ByCityNameStateCode" name="testGet" time="0.238"/>
  <system-out/>
  <testcase classname="Ujian.ujiankeempat.openweather.ByCityNameStateCode" name="testGet" time="0.255"/>
  <system-out/>
  <testcase classname="Ujian.ujiankeempat.openweather.ByCityNameStateCode" name="testGet" time="0.230"/>
  <system-out/>
  <testcase classname="Ujian.ujiankeempat.openweather.ByCityNameStateCode" name="testGet" time="1.320"/>
  <system-out/>
  <testcase classname="Ujian.ujiankeempat.openweather.ByCityNameStateCode" name="testGet" time="0.232"/>
  <system-out/>
</testsuite> <!-- Ujian.ujiankeempat.openweather.ByCityNameStateCode -->
