<?xml version="1.0" encoding="UTF-8"?>
<!-- Generated by org.testng.reporters.JUnitReportReporter -->
<testsuite hostname="DESKTOP-RFC9575" failures="0" tests="2" name="coba.NopRunner" time="19.263" errors="0" timestamp="2022-09-19T20:42:07 WIB" skipped="0">
  <testcase classname="coba.NopRunner" name="runScenario" time="7.680"/>
  <system-out/>
  <testcase classname="coba.NopRunner" name="runScenario" time="11.583"/>
  <system-out/>
</testsuite> <!-- coba.NopRunner -->
