<?xml version="1.0" encoding="UTF-8"?>
<!-- Generated by org.testng.reporters.JUnitReportReporter -->
<testsuite hostname="DESKTOP-RFC9575" failures="0" tests="1" name="tugas.silenium.formy.Dropdown" time="28.564" errors="0" timestamp="2022-09-15T21:06:17 WIB" skipped="0">
  <testcase classname="tugas.silenium.formy.Dropdown" name="testDropdown" time="28.564"/>
  <system-out/>
</testsuite> <!-- tugas.silenium.formy.Dropdown -->
