<?xml version="1.0" encoding="UTF-8"?>
<!-- Generated by org.testng.reporters.JUnitReportReporter -->
<testsuite hostname="DESKTOP-RFC9575" failures="0" tests="10" name="Ujian.ujiankeempat.openweather.ByZipCodeCountryCode" time="3.466" errors="0" timestamp="2022-09-18T10:38:17 WIB" skipped="0">
  <testcase classname="Ujian.ujiankeempat.openweather.ByZipCodeCountryCode" name="testGet" time="0.249"/>
  <system-out/>
  <testcase classname="Ujian.ujiankeempat.openweather.ByZipCodeCountryCode" name="testGet" time="1.339"/>
  <system-out/>
  <testcase classname="Ujian.ujiankeempat.openweather.ByZipCodeCountryCode" name="testGet" time="0.228"/>
  <system-out/>
  <testcase classname="Ujian.ujiankeempat.openweather.ByZipCodeCountryCode" name="testGet" time="0.229"/>
  <system-out/>
  <testcase classname="Ujian.ujiankeempat.openweather.ByZipCodeCountryCode" name="testGet" time="0.229"/>
  <system-out/>
  <testcase classname="Ujian.ujiankeempat.openweather.ByZipCodeCountryCode" name="testGet" time="0.255"/>
  <system-out/>
  <testcase classname="Ujian.ujiankeempat.openweather.ByZipCodeCountryCode" name="testGet" time="0.230"/>
  <system-out/>
  <testcase classname="Ujian.ujiankeempat.openweather.ByZipCodeCountryCode" name="testGet" time="0.242"/>
  <system-out/>
  <testcase classname="Ujian.ujiankeempat.openweather.ByZipCodeCountryCode" name="testGet" time="0.221"/>
  <system-out/>
  <testcase classname="Ujian.ujiankeempat.openweather.ByZipCodeCountryCode" name="testGet" time="0.244"/>
  <system-out/>
</testsuite> <!-- Ujian.ujiankeempat.openweather.ByZipCodeCountryCode -->
