<?xml version="1.0" encoding="UTF-8"?>
<!-- Generated by org.testng.reporters.JUnitReportReporter -->
<testsuite hostname="DESKTOP-RFC9575" failures="0" tests="10" name="Ujian.ujiankeempat.openweather.ByCityId" time="3.861" errors="0" timestamp="2022-09-18T10:18:29 WIB" skipped="0">
  <testcase classname="Ujian.ujiankeempat.openweather.ByCityId" name="testGet" time="0.270"/>
  <system-out/>
  <testcase classname="Ujian.ujiankeempat.openweather.ByCityId" name="testGet" time="0.278"/>
  <system-out/>
  <testcase classname="Ujian.ujiankeempat.openweather.ByCityId" name="testGet" time="0.245"/>
  <system-out/>
  <testcase classname="Ujian.ujiankeempat.openweather.ByCityId" name="testGet" time="0.316"/>
  <system-out/>
  <testcase classname="Ujian.ujiankeempat.openweather.ByCityId" name="testGet" time="1.479"/>
  <system-out/>
  <testcase classname="Ujian.ujiankeempat.openweather.ByCityId" name="testGet" time="0.245"/>
  <system-out/>
  <testcase classname="Ujian.ujiankeempat.openweather.ByCityId" name="testGet" time="0.239"/>
  <system-out/>
  <testcase classname="Ujian.ujiankeempat.openweather.ByCityId" name="testGet" time="0.238"/>
  <system-out/>
  <testcase classname="Ujian.ujiankeempat.openweather.ByCityId" name="testGet" time="0.264"/>
  <system-out/>
  <testcase classname="Ujian.ujiankeempat.openweather.ByCityId" name="testGet" time="0.287"/>
  <system-out/>
</testsuite> <!-- Ujian.ujiankeempat.openweather.ByCityId -->
