<?xml version="1.0" encoding="UTF-8"?>
<!-- Generated by org.testng.reporters.JUnitReportReporter -->
<testsuite hostname="DESKTOP-RFC9575" failures="0" tests="1" name="tugas.silenium.formy.Buttons" time="24.392" errors="0" timestamp="2022-09-15T20:47:54 WIB" skipped="0">
  <testcase classname="tugas.silenium.formy.Buttons" name="testButtons" time="24.392"/>
  <system-out/>
</testsuite> <!-- tugas.silenium.formy.Buttons -->
