<?xml version="1.0" encoding="UTF-8"?>
<!-- Generated by org.testng.reporters.JUnitReportReporter -->
<testsuite hostname="DESKTOP-RFC9575" failures="0" tests="1" name="Ujian.ujiankelima.selenium.TestRegister" time="16.264" errors="0" timestamp="2022-09-25T11:18:52 WIB" skipped="0">
  <testcase classname="Ujian.ujiankelima.selenium.TestRegister" name="testInvalidRegister" time="16.264"/>
  <system-out/>
</testsuite> <!-- Ujian.ujiankelima.selenium.TestRegister -->
