<?xml version="1.0" encoding="UTF-8"?>
<!-- Generated by org.testng.reporters.JUnitReportReporter -->
<testsuite hostname="DESKTOP-RFC9575" failures="0" tests="1" name="tugas.silenium.formy.FileUpload" time="38.083" errors="0" timestamp="2022-09-15T21:12:27 WIB" skipped="0">
  <testcase classname="tugas.silenium.formy.FileUpload" name="testFileUpload" time="38.083"/>
  <system-out/>
</testsuite> <!-- tugas.silenium.formy.FileUpload -->
