<?xml version="1.0" encoding="UTF-8"?>
<!-- Generated by org.testng.reporters.JUnitReportReporter -->
<testsuite hostname="DESKTOP-RFC9575" failures="0" tests="1" name="tugas.silenium.formy.LargePageContent" time="27.046" errors="0" timestamp="2022-09-15T21:16:10 WIB" skipped="0">
  <testcase classname="tugas.silenium.formy.LargePageContent" name="testLargePageContent" time="27.046"/>
  <system-out/>
</testsuite> <!-- tugas.silenium.formy.LargePageContent -->
