<?xml version="1.0" encoding="UTF-8"?>
<!-- Generated by org.testng.reporters.JUnitReportReporter -->
<testsuite hostname="DESKTOP-RFC9575" failures="0" tests="1" name="Ujian.ujiankelima.selenium.AddCartTest" time="13.564" errors="0" timestamp="2022-09-25T05:11:07 WIB" skipped="0">
  <testcase classname="Ujian.ujiankelima.selenium.AddCartTest" name="testCartAdd" time="13.564"/>
  <system-out/>
</testsuite> <!-- Ujian.ujiankelima.selenium.AddCartTest -->
