<?xml version="1.0" encoding="UTF-8"?>
<!-- Generated by org.testng.reporters.JUnitReportReporter -->
<testsuite hostname="DESKTOP-RFC9575" failures="0" tests="1" name="tugas.silenium.formy.Modal" time="9.771" errors="0" timestamp="2022-09-15T21:17:22 WIB" skipped="0">
  <testcase classname="tugas.silenium.formy.Modal" name="testModal" time="9.771"/>
  <system-out/>
</testsuite> <!-- tugas.silenium.formy.Modal -->
