<?xml version="1.0" encoding="UTF-8"?>
<!-- Generated by org.testng.reporters.JUnitReportReporter -->
<testsuite hostname="DESKTOP-RFC9575" failures="0" tests="3" name="Ujian.ujiankelima.testng.TestStringNumeric" time="0.020" errors="0" timestamp="2022-09-24T18:22:35 WIB" skipped="0">
  <testcase classname="Ujian.ujiankelima.testng.TestStringNumeric" name="testParseToInt" time="0.012"/>
  <system-out/>
  <testcase classname="Ujian.ujiankelima.testng.TestStringNumeric" name="testParseToFloat" time="0.004"/>
  <system-out/>
  <testcase classname="Ujian.ujiankelima.testng.TestStringNumeric" name="testParseToDouble" time="0.004"/>
  <system-out/>
</testsuite> <!-- Ujian.ujiankelima.testng.TestStringNumeric -->
