<?xml version="1.0" encoding="UTF-8"?>
<!-- Generated by org.testng.reporters.JUnitReportReporter -->
<testsuite hostname="DESKTOP-RFC9575" failures="0" tests="1" name="tugas.silenium.formy.Form" time="7.900" errors="0" timestamp="2022-09-14T16:14:19 WIB" skipped="0">
  <testcase classname="tugas.silenium.formy.Form" name="testForm" time="7.900"/>
  <system-out/>
</testsuite> <!-- tugas.silenium.formy.Form -->
