<?xml version="1.0" encoding="UTF-8"?>
<!-- Generated by org.testng.reporters.JUnitReportReporter -->
<testsuite hostname="DESKTOP-RFC9575" failures="0" tests="4" name="Ujian.testUjianKedua.MatematikaTest" time="0.016" errors="0" timestamp="2022-09-07T19:11:01 WIB" skipped="0">
  <testcase classname="Ujian.testUjianKedua.MatematikaTest" name="addATest" time="0.007"/>
  <system-out/>
  <testcase classname="Ujian.testUjianKedua.MatematikaTest" name="minusTest" time="0.003"/>
  <system-out/>
  <testcase classname="Ujian.testUjianKedua.MatematikaTest" name="divisionTest" time="0.004"/>
  <system-out/>
  <testcase classname="Ujian.testUjianKedua.MatematikaTest" name="modulusTest" time="0.002"/>
  <system-out/>
</testsuite> <!-- Ujian.testUjianKedua.MatematikaTest -->
