<?xml version="1.0" encoding="UTF-8"?>
<!-- Generated by org.testng.reporters.JUnitReportReporter -->
<testsuite hostname="DESKTOP-RFC9575" failures="0" tests="10" name="Ujian.ujiankeempat.openweather.ByCityId" time="4.280" errors="0" timestamp="2022-09-18T10:35:26 WIB" skipped="0">
  <testcase classname="Ujian.ujiankeempat.openweather.ByCityId" name="testGet" time="0.265"/>
  <system-out/>
  <testcase classname="Ujian.ujiankeempat.openweather.ByCityId" name="testGet" time="0.259"/>
  <system-out/>
  <testcase classname="Ujian.ujiankeempat.openweather.ByCityId" name="testGet" time="0.289"/>
  <system-out/>
  <testcase classname="Ujian.ujiankeempat.openweather.ByCityId" name="testGet" time="0.246"/>
  <system-out/>
  <testcase classname="Ujian.ujiankeempat.openweather.ByCityId" name="testGet" time="0.257"/>
  <system-out/>
  <testcase classname="Ujian.ujiankeempat.openweather.ByCityId" name="testGet" time="0.436"/>
  <system-out/>
  <testcase classname="Ujian.ujiankeempat.openweather.ByCityId" name="testGet" time="1.358"/>
  <system-out/>
  <testcase classname="Ujian.ujiankeempat.openweather.ByCityId" name="testGet" time="0.280"/>
  <system-out/>
  <testcase classname="Ujian.ujiankeempat.openweather.ByCityId" name="testGet" time="0.262"/>
  <system-out/>
  <testcase classname="Ujian.ujiankeempat.openweather.ByCityId" name="testGet" time="0.628"/>
  <system-out/>
</testsuite> <!-- Ujian.ujiankeempat.openweather.ByCityId -->
