<?xml version="1.0" encoding="UTF-8"?>
<!-- Generated by org.testng.reporters.JUnitReportReporter -->
<testsuite hostname="DESKTOP-RFC9575" failures="0" tests="1" name="tugas.silenium.formy.Autocomplete" time="27.146" errors="0" timestamp="2022-09-15T20:43:21 WIB" skipped="0">
  <testcase classname="tugas.silenium.formy.Autocomplete" name="testAutocomplate" time="27.146"/>
  <system-out/>
</testsuite> <!-- tugas.silenium.formy.Autocomplete -->
