<?xml version="1.0" encoding="UTF-8"?>
<!-- Generated by org.testng.reporters.JUnitReportReporter -->
<testsuite hostname="DESKTOP-RFC9575" failures="0" tests="1" name="tugas.silenium.formy.RadioButtons" time="9.678" errors="0" timestamp="2022-09-15T21:19:03 WIB" skipped="0">
  <testcase classname="tugas.silenium.formy.RadioButtons" name="testRadioButtons" time="9.678"/>
  <system-out/>
</testsuite> <!-- tugas.silenium.formy.RadioButtons -->
