<?xml version="1.0" encoding="UTF-8"?>
<!-- Generated by org.testng.reporters.JUnitReportReporter -->
<testsuite hostname="DESKTOP-RFC9575" failures="0" tests="10" name="Latihan.restassured.PostDataFromExcel" time="3.530" errors="0" timestamp="2022-09-17T19:20:50 WIB" skipped="0">
  <testcase classname="Latihan.restassured.PostDataFromExcel" name="testPost" time="0.222"/>
  <system-out/>
  <testcase classname="Latihan.restassured.PostDataFromExcel" name="testPost" time="0.230"/>
  <system-out/>
  <testcase classname="Latihan.restassured.PostDataFromExcel" name="testPost" time="1.399"/>
  <system-out/>
  <testcase classname="Latihan.restassured.PostDataFromExcel" name="testPost" time="0.259"/>
  <system-out/>
  <testcase classname="Latihan.restassured.PostDataFromExcel" name="testPost" time="0.222"/>
  <system-out/>
  <testcase classname="Latihan.restassured.PostDataFromExcel" name="testPost" time="0.313"/>
  <system-out/>
  <testcase classname="Latihan.restassured.PostDataFromExcel" name="testPost" time="0.216"/>
  <system-out/>
  <testcase classname="Latihan.restassured.PostDataFromExcel" name="testPost" time="0.225"/>
  <system-out/>
  <testcase classname="Latihan.restassured.PostDataFromExcel" name="testPost" time="0.224"/>
  <system-out/>
  <testcase classname="Latihan.restassured.PostDataFromExcel" name="testPost" time="0.220"/>
  <system-out/>
</testsuite> <!-- Latihan.restassured.PostDataFromExcel -->
