<?xml version="1.0" encoding="UTF-8"?>
<!-- Generated by org.testng.reporters.JUnitReportReporter -->
<testsuite hostname="DESKTOP-RFC9575" failures="0" tests="10" name="Ujian.ujiankeempat.openweather.ByLatLonLang" time="3.549" errors="0" timestamp="2022-09-18T10:38:05 WIB" skipped="0">
  <testcase classname="Ujian.ujiankeempat.openweather.ByLatLonLang" name="testGet" time="0.245"/>
  <system-out/>
  <testcase classname="Ujian.ujiankeempat.openweather.ByLatLonLang" name="testGet" time="0.254"/>
  <system-out/>
  <testcase classname="Ujian.ujiankeempat.openweather.ByLatLonLang" name="testGet" time="0.227"/>
  <system-out/>
  <testcase classname="Ujian.ujiankeempat.openweather.ByLatLonLang" name="testGet" time="0.222"/>
  <system-out/>
  <testcase classname="Ujian.ujiankeempat.openweather.ByLatLonLang" name="testGet" time="0.263"/>
  <system-out/>
  <testcase classname="Ujian.ujiankeempat.openweather.ByLatLonLang" name="testGet" time="1.323"/>
  <system-out/>
  <testcase classname="Ujian.ujiankeempat.openweather.ByLatLonLang" name="testGet" time="0.264"/>
  <system-out/>
  <testcase classname="Ujian.ujiankeempat.openweather.ByLatLonLang" name="testGet" time="0.228"/>
  <system-out/>
  <testcase classname="Ujian.ujiankeempat.openweather.ByLatLonLang" name="testGet" time="0.232"/>
  <system-out/>
  <testcase classname="Ujian.ujiankeempat.openweather.ByLatLonLang" name="testGet" time="0.291"/>
  <system-out/>
</testsuite> <!-- Ujian.ujiankeempat.openweather.ByLatLonLang -->
