<?xml version="1.0" encoding="UTF-8"?>
<!-- Generated by org.testng.reporters.JUnitReportReporter -->
<testsuite hostname="DESKTOP-RFC9575" failures="0" tests="10" name="Ujian.ujiankeempat.openweather.ByCityNameStateCode" time="4.021" errors="0" timestamp="2022-09-18T10:25:45 WIB" skipped="0">
  <testcase classname="Ujian.ujiankeempat.openweather.ByCityNameStateCode" name="testGet" time="0.250"/>
  <system-out/>
  <testcase classname="Ujian.ujiankeempat.openweather.ByCityNameStateCode" name="testGet" time="0.219"/>
  <system-out/>
  <testcase classname="Ujian.ujiankeempat.openweather.ByCityNameStateCode" name="testGet" time="0.416"/>
  <system-out/>
  <testcase classname="Ujian.ujiankeempat.openweather.ByCityNameStateCode" name="testGet" time="0.222"/>
  <system-out/>
  <testcase classname="Ujian.ujiankeempat.openweather.ByCityNameStateCode" name="testGet" time="1.586"/>
  <system-out/>
  <testcase classname="Ujian.ujiankeempat.openweather.ByCityNameStateCode" name="testGet" time="0.227"/>
  <system-out/>
  <testcase classname="Ujian.ujiankeempat.openweather.ByCityNameStateCode" name="testGet" time="0.305"/>
  <system-out/>
  <testcase classname="Ujian.ujiankeempat.openweather.ByCityNameStateCode" name="testGet" time="0.257"/>
  <system-out/>
  <testcase classname="Ujian.ujiankeempat.openweather.ByCityNameStateCode" name="testGet" time="0.248"/>
  <system-out/>
  <testcase classname="Ujian.ujiankeempat.openweather.ByCityNameStateCode" name="testGet" time="0.291"/>
  <system-out/>
</testsuite> <!-- Ujian.ujiankeempat.openweather.ByCityNameStateCode -->
