<?xml version="1.0" encoding="UTF-8"?>
<!-- Generated by org.testng.reporters.JUnitReportReporter -->
<testsuite hostname="DESKTOP-RFC9575" failures="0" tests="1" name="tugas.silenium.formy.Checkbox" time="9.093" errors="0" timestamp="2022-09-15T20:49:56 WIB" skipped="0">
  <testcase classname="tugas.silenium.formy.Checkbox" name="testCheckbox" time="9.093"/>
  <system-out/>
</testsuite> <!-- tugas.silenium.formy.Checkbox -->
