<?xml version="1.0" encoding="UTF-8"?>
<!-- Generated by org.testng.reporters.JUnitReportReporter -->
<testsuite hostname="DESKTOP-RFC9575" failures="0" tests="10" name="Ujian.ujiankeempat.openweather.ByLatLon" time="3.990" errors="0" timestamp="2022-09-18T10:37:53 WIB" skipped="0">
  <testcase classname="Ujian.ujiankeempat.openweather.ByLatLon" name="testGet" time="0.238"/>
  <system-out/>
  <testcase classname="Ujian.ujiankeempat.openweather.ByLatLon" name="testGet" time="0.252"/>
  <system-out/>
  <testcase classname="Ujian.ujiankeempat.openweather.ByLatLon" name="testGet" time="0.303"/>
  <system-out/>
  <testcase classname="Ujian.ujiankeempat.openweather.ByLatLon" name="testGet" time="0.323"/>
  <system-out/>
  <testcase classname="Ujian.ujiankeempat.openweather.ByLatLon" name="testGet" time="0.249"/>
  <system-out/>
  <testcase classname="Ujian.ujiankeempat.openweather.ByLatLon" name="testGet" time="0.238"/>
  <system-out/>
  <testcase classname="Ujian.ujiankeempat.openweather.ByLatLon" name="testGet" time="0.269"/>
  <system-out/>
  <testcase classname="Ujian.ujiankeempat.openweather.ByLatLon" name="testGet" time="1.469"/>
  <system-out/>
  <testcase classname="Ujian.ujiankeempat.openweather.ByLatLon" name="testGet" time="0.263"/>
  <system-out/>
  <testcase classname="Ujian.ujiankeempat.openweather.ByLatLon" name="testGet" time="0.386"/>
  <system-out/>
</testsuite> <!-- Ujian.ujiankeempat.openweather.ByLatLon -->
