<?xml version="1.0" encoding="UTF-8"?>
<!-- Generated by org.testng.reporters.JUnitReportReporter -->
<testsuite hostname="DESKTOP-RFC9575" failures="0" tests="1" name="tugas.silenium.formy.Datepicker" time="18.327" errors="0" timestamp="2022-09-15T20:53:15 WIB" skipped="0">
  <testcase classname="tugas.silenium.formy.Datepicker" name="testDatepicker" time="18.327"/>
  <system-out/>
</testsuite> <!-- tugas.silenium.formy.Datepicker -->
