<?xml version="1.0" encoding="UTF-8"?>
<!-- Generated by org.testng.reporters.JUnitReportReporter -->
<testsuite hostname="DESKTOP-RFC9575" failures="0" tests="2" name="Latihan.cucumber.framework.demoqa.LoginRunner" time="15.262" errors="0" timestamp="2022-09-19T14:35:42 WIB" skipped="0">
  <testcase classname="Latihan.cucumber.framework.demoqa.LoginRunner" name="runScenario" time="12.318"/>
  <system-out/>
  <testcase classname="Latihan.cucumber.framework.demoqa.LoginRunner" name="runScenario" time="2.944"/>
  <system-out/>
</testsuite> <!-- Latihan.cucumber.framework.demoqa.LoginRunner -->
