<?xml version="1.0" encoding="UTF-8"?>
<!-- Generated by org.testng.reporters.JUnitReportReporter -->
<testsuite hostname="DESKTOP-RFC9575" failures="0" tests="10" name="Ujian.ujiankeempat.openweather.ByCityName" time="3.714" errors="0" timestamp="2022-09-18T10:35:44 WIB" skipped="0">
  <testcase classname="Ujian.ujiankeempat.openweather.ByCityName" name="testGet" time="0.255"/>
  <system-out/>
  <testcase classname="Ujian.ujiankeempat.openweather.ByCityName" name="testGet" time="0.265"/>
  <system-out/>
  <testcase classname="Ujian.ujiankeempat.openweather.ByCityName" name="testGet" time="0.245"/>
  <system-out/>
  <testcase classname="Ujian.ujiankeempat.openweather.ByCityName" name="testGet" time="0.226"/>
  <system-out/>
  <testcase classname="Ujian.ujiankeempat.openweather.ByCityName" name="testGet" time="1.431"/>
  <system-out/>
  <testcase classname="Ujian.ujiankeempat.openweather.ByCityName" name="testGet" time="0.277"/>
  <system-out/>
  <testcase classname="Ujian.ujiankeempat.openweather.ByCityName" name="testGet" time="0.251"/>
  <system-out/>
  <testcase classname="Ujian.ujiankeempat.openweather.ByCityName" name="testGet" time="0.289"/>
  <system-out/>
  <testcase classname="Ujian.ujiankeempat.openweather.ByCityName" name="testGet" time="0.237"/>
  <system-out/>
  <testcase classname="Ujian.ujiankeempat.openweather.ByCityName" name="testGet" time="0.238"/>
  <system-out/>
</testsuite> <!-- Ujian.ujiankeempat.openweather.ByCityName -->
