<?xml version="1.0" encoding="UTF-8"?>
<!-- Generated by org.testng.reporters.JUnitReportReporter -->
<testsuite hostname="DESKTOP-RFC9575" failures="0" tests="1" name="Latihan.silenium.demoQA.TestPracticeForm" time="28.611" errors="0" timestamp="2022-09-16T23:55:20 WIB" skipped="0">
  <testcase classname="Latihan.silenium.demoQA.TestPracticeForm" name="testInputForm" time="28.611"/>
  <system-out/>
</testsuite> <!-- Latihan.silenium.demoQA.TestPracticeForm -->
