<?xml version="1.0" encoding="UTF-8"?>
<!-- Generated by org.testng.reporters.JUnitReportReporter -->
<testsuite hostname="DESKTOP-RFC9575" failures="0" tests="10" name="Ujian.ujiankeempat.openweather.ByLatLon" time="3.599" errors="0" timestamp="2022-09-17T23:11:46 WIB" skipped="0">
  <testcase classname="Ujian.ujiankeempat.openweather.ByLatLon" name="testPost" time="0.249"/>
  <system-out/>
  <testcase classname="Ujian.ujiankeempat.openweather.ByLatLon" name="testPost" time="0.255"/>
  <system-out/>
  <testcase classname="Ujian.ujiankeempat.openweather.ByLatLon" name="testPost" time="0.242"/>
  <system-out/>
  <testcase classname="Ujian.ujiankeempat.openweather.ByLatLon" name="testPost" time="0.232"/>
  <system-out/>
  <testcase classname="Ujian.ujiankeempat.openweather.ByLatLon" name="testPost" time="0.242"/>
  <system-out/>
  <testcase classname="Ujian.ujiankeempat.openweather.ByLatLon" name="testPost" time="0.248"/>
  <system-out/>
  <testcase classname="Ujian.ujiankeempat.openweather.ByLatLon" name="testPost" time="1.238"/>
  <system-out/>
  <testcase classname="Ujian.ujiankeempat.openweather.ByLatLon" name="testPost" time="0.339"/>
  <system-out/>
  <testcase classname="Ujian.ujiankeempat.openweather.ByLatLon" name="testPost" time="0.290"/>
  <system-out/>
  <testcase classname="Ujian.ujiankeempat.openweather.ByLatLon" name="testPost" time="0.264"/>
  <system-out/>
</testsuite> <!-- Ujian.ujiankeempat.openweather.ByLatLon -->
