<?xml version="1.0" encoding="UTF-8"?>
<!-- Generated by org.testng.reporters.JUnitReportReporter -->
<testsuite hostname="DESKTOP-RFC9575" failures="0" tests="1" name="tugas.silenium.formy.DragAndDrop" time="6.822" errors="0" timestamp="2022-09-15T20:54:51 WIB" skipped="0">
  <testcase classname="tugas.silenium.formy.DragAndDrop" name="testDragAndDrop" time="6.822"/>
  <system-out/>
</testsuite> <!-- tugas.silenium.formy.DragAndDrop -->
