<?xml version="1.0" encoding="UTF-8"?>
<!-- Generated by org.testng.reporters.JUnitReportReporter -->
<testsuite hostname="DESKTOP-RFC9575" failures="0" tests="10" name="Ujian.ujiankeempat.openweather.ByCityNameCountryCode" time="3.721" errors="0" timestamp="2022-09-18T10:35:55 WIB" skipped="0">
  <testcase classname="Ujian.ujiankeempat.openweather.ByCityNameCountryCode" name="testGet" time="0.264"/>
  <system-out/>
  <testcase classname="Ujian.ujiankeempat.openweather.ByCityNameCountryCode" name="testGet" time="0.259"/>
  <system-out/>
  <testcase classname="Ujian.ujiankeempat.openweather.ByCityNameCountryCode" name="testGet" time="0.255"/>
  <system-out/>
  <testcase classname="Ujian.ujiankeempat.openweather.ByCityNameCountryCode" name="testGet" time="0.248"/>
  <system-out/>
  <testcase classname="Ujian.ujiankeempat.openweather.ByCityNameCountryCode" name="testGet" time="0.302"/>
  <system-out/>
  <testcase classname="Ujian.ujiankeempat.openweather.ByCityNameCountryCode" name="testGet" time="1.373"/>
  <system-out/>
  <testcase classname="Ujian.ujiankeempat.openweather.ByCityNameCountryCode" name="testGet" time="0.238"/>
  <system-out/>
  <testcase classname="Ujian.ujiankeempat.openweather.ByCityNameCountryCode" name="testGet" time="0.275"/>
  <system-out/>
  <testcase classname="Ujian.ujiankeempat.openweather.ByCityNameCountryCode" name="testGet" time="0.254"/>
  <system-out/>
  <testcase classname="Ujian.ujiankeempat.openweather.ByCityNameCountryCode" name="testGet" time="0.253"/>
  <system-out/>
</testsuite> <!-- Ujian.ujiankeempat.openweather.ByCityNameCountryCode -->
