<?xml version="1.0" encoding="UTF-8"?>
<!-- Generated by org.testng.reporters.JUnitReportReporter -->
<testsuite hostname="DESKTOP-RFC9575" failures="0" tests="10" name="Ujian.ujiankeempat.openweather.ByCityNameCountryCode" time="3.947" errors="0" timestamp="2022-09-18T10:23:19 WIB" skipped="0">
  <testcase classname="Ujian.ujiankeempat.openweather.ByCityNameCountryCode" name="testGet" time="0.260"/>
  <system-out/>
  <testcase classname="Ujian.ujiankeempat.openweather.ByCityNameCountryCode" name="testGet" time="0.251"/>
  <system-out/>
  <testcase classname="Ujian.ujiankeempat.openweather.ByCityNameCountryCode" name="testGet" time="1.747"/>
  <system-out/>
  <testcase classname="Ujian.ujiankeempat.openweather.ByCityNameCountryCode" name="testGet" time="0.228"/>
  <system-out/>
  <testcase classname="Ujian.ujiankeempat.openweather.ByCityNameCountryCode" name="testGet" time="0.267"/>
  <system-out/>
  <testcase classname="Ujian.ujiankeempat.openweather.ByCityNameCountryCode" name="testGet" time="0.238"/>
  <system-out/>
  <testcase classname="Ujian.ujiankeempat.openweather.ByCityNameCountryCode" name="testGet" time="0.235"/>
  <system-out/>
  <testcase classname="Ujian.ujiankeempat.openweather.ByCityNameCountryCode" name="testGet" time="0.263"/>
  <system-out/>
  <testcase classname="Ujian.ujiankeempat.openweather.ByCityNameCountryCode" name="testGet" time="0.224"/>
  <system-out/>
  <testcase classname="Ujian.ujiankeempat.openweather.ByCityNameCountryCode" name="testGet" time="0.234"/>
  <system-out/>
</testsuite> <!-- Ujian.ujiankeempat.openweather.ByCityNameCountryCode -->
