<?xml version="1.0" encoding="UTF-8"?>
<!-- Generated by org.testng.reporters.JUnitReportReporter -->
<testsuite hostname="DESKTOP-RFC9575" failures="0" tests="1" name="tugas.silenium.formy.EnabledAndDisabledElements" time="23.790" errors="0" timestamp="2022-09-15T21:07:33 WIB" skipped="0">
  <testcase classname="tugas.silenium.formy.EnabledAndDisabledElements" name="testEnabledAndDisabledElements" time="23.790"/>
  <system-out/>
</testsuite> <!-- tugas.silenium.formy.EnabledAndDisabledElements -->
