<?xml version="1.0" encoding="UTF-8"?>
<!-- Generated by org.testng.reporters.JUnitReportReporter -->
<testsuite hostname="DESKTOP-RFC9575" failures="0" tests="10" name="Ujian.ujiankeempat.openweather.ByZipCodeCountryCode" time="3.687" errors="0" timestamp="2022-09-18T10:32:02 WIB" skipped="0">
  <testcase classname="Ujian.ujiankeempat.openweather.ByZipCodeCountryCode" name="testGet" time="0.233"/>
  <system-out/>
  <testcase classname="Ujian.ujiankeempat.openweather.ByZipCodeCountryCode" name="testGet" time="1.522"/>
  <system-out/>
  <testcase classname="Ujian.ujiankeempat.openweather.ByZipCodeCountryCode" name="testGet" time="0.231"/>
  <system-out/>
  <testcase classname="Ujian.ujiankeempat.openweather.ByZipCodeCountryCode" name="testGet" time="0.237"/>
  <system-out/>
  <testcase classname="Ujian.ujiankeempat.openweather.ByZipCodeCountryCode" name="testGet" time="0.236"/>
  <system-out/>
  <testcase classname="Ujian.ujiankeempat.openweather.ByZipCodeCountryCode" name="testGet" time="0.239"/>
  <system-out/>
  <testcase classname="Ujian.ujiankeempat.openweather.ByZipCodeCountryCode" name="testGet" time="0.247"/>
  <system-out/>
  <testcase classname="Ujian.ujiankeempat.openweather.ByZipCodeCountryCode" name="testGet" time="0.234"/>
  <system-out/>
  <testcase classname="Ujian.ujiankeempat.openweather.ByZipCodeCountryCode" name="testGet" time="0.271"/>
  <system-out/>
  <testcase classname="Ujian.ujiankeempat.openweather.ByZipCodeCountryCode" name="testGet" time="0.237"/>
  <system-out/>
</testsuite> <!-- Ujian.ujiankeempat.openweather.ByZipCodeCountryCode -->
