<?xml version="1.0" encoding="UTF-8"?>
<!-- Generated by org.testng.reporters.JUnitReportReporter -->
<testsuite hostname="DESKTOP-RFC9575" failures="0" tests="10" name="Ujian.ujiankeempat.openweather.ByCityName" time="4.478" errors="0" timestamp="2022-09-18T10:20:51 WIB" skipped="0">
  <testcase classname="Ujian.ujiankeempat.openweather.ByCityName" name="testGet" time="0.259"/>
  <system-out/>
  <testcase classname="Ujian.ujiankeempat.openweather.ByCityName" name="testGet" time="0.249"/>
  <system-out/>
  <testcase classname="Ujian.ujiankeempat.openweather.ByCityName" name="testGet" time="0.277"/>
  <system-out/>
  <testcase classname="Ujian.ujiankeempat.openweather.ByCityName" name="testGet" time="0.263"/>
  <system-out/>
  <testcase classname="Ujian.ujiankeempat.openweather.ByCityName" name="testGet" time="1.620"/>
  <system-out/>
  <testcase classname="Ujian.ujiankeempat.openweather.ByCityName" name="testGet" time="0.292"/>
  <system-out/>
  <testcase classname="Ujian.ujiankeempat.openweather.ByCityName" name="testGet" time="0.279"/>
  <system-out/>
  <testcase classname="Ujian.ujiankeempat.openweather.ByCityName" name="testGet" time="0.638"/>
  <system-out/>
  <testcase classname="Ujian.ujiankeempat.openweather.ByCityName" name="testGet" time="0.312"/>
  <system-out/>
  <testcase classname="Ujian.ujiankeempat.openweather.ByCityName" name="testGet" time="0.289"/>
  <system-out/>
</testsuite> <!-- Ujian.ujiankeempat.openweather.ByCityName -->
